<?xml version="1.0" encoding="UTF-8"?>
<testng-results ignored="0" total="2" passed="2" failed="0" skipped="0">
  <reporter-output>
  </reporter-output>
  <suite started-at="2023-08-02T10:56:41 IST" name="Default suite" finished-at="2023-08-02T10:57:22 IST" duration-ms="40938">
    <groups>
    </groups>
    <test started-at="2023-08-02T10:56:41 IST" name="Default test" finished-at="2023-08-02T10:57:22 IST" duration-ms="40938">
      <class name="com.AutomationPanda.ContactsPage">
        <test-method is-config="true" signature="BaseCls()[pri:0, instance:com.AutomationPanda.ContactsPage@2cf3d63b]" started-at="2023-08-02T10:55:24 IST" name="BaseCls" finished-at="2023-08-02T10:56:41 IST" duration-ms="77719" status="PASS">
          <reporter-output>
          </reporter-output>
        </test-method> <!-- BaseCls -->
        <test-method signature="VerifyingHomePageTitle()[pri:1, instance:com.AutomationPanda.ContactsPage@2cf3d63b]" started-at="2023-08-02T10:56:42 IST" name="VerifyingHomePageTitle" finished-at="2023-08-02T10:57:03 IST" duration-ms="21559" status="PASS">
          <reporter-output>
          </reporter-output>
        </test-method> <!-- VerifyingHomePageTitle -->
        <test-method signature="VerifyingContactsPage()[pri:2, instance:com.AutomationPanda.ContactsPage@2cf3d63b]" started-at="2023-08-02T10:57:03 IST" name="VerifyingContactsPage" finished-at="2023-08-02T10:57:22 IST" duration-ms="19084" status="PASS">
          <reporter-output>
          </reporter-output>
        </test-method> <!-- VerifyingContactsPage -->
        <test-method is-config="true" signature="tearDown()[pri:0, instance:com.AutomationPanda.ContactsPage@2cf3d63b]" started-at="2023-08-02T10:57:24 IST" name="tearDown" finished-at="2023-08-02T10:57:27 IST" duration-ms="3472" status="PASS">
          <reporter-output>
          </reporter-output>
        </test-method> <!-- tearDown -->
      </class> <!-- com.AutomationPanda.ContactsPage -->
    </test> <!-- Default test -->
  </suite> <!-- Default suite -->
</testng-results>
